Determining if the pthread_create exist failed with the following output:
Change Dir: /home/natsuki/sotsuken/build/CMakeFiles/CMakeTmp

Run Build Command:"/usr/bin/make" "cmTC_bbc0c/fast"
/usr/bin/make -f CMakeFiles/cmTC_bbc0c.dir/build.make CMakeFiles/cmTC_bbc0c.dir/build
make[1]: ディレクトリ '/home/natsuki/sotsuken/build/CMakeFiles/CMakeTmp' に入ります
Building C object CMakeFiles/cmTC_bbc0c.dir/CheckSymbolExists.c.o
/usr/bin/cc     -o CMakeFiles/cmTC_bbc0c.dir/CheckSymbolExists.c.o   -c /home/natsuki/sotsuken/build/CMakeFiles/CMakeTmp/CheckSymbolExists.c
Linking C executable cmTC_bbc0c
/usr/bin/cmake -E cmake_link_script CMakeFiles/cmTC_bbc0c.dir/link.txt --verbose=1
/usr/bin/cc       CMakeFiles/cmTC_bbc0c.dir/CheckSymbolExists.c.o  -o cmTC_bbc0c -rdynamic 
CMakeFiles/cmTC_bbc0c.dir/CheckSymbolExists.c.o: 関数 `main' 内:
CheckSymbolExists.c:(.text+0x16): `pthread_create' に対する定義されていない参照です
collect2: error: ld returned 1 exit status
CMakeFiles/cmTC_bbc0c.dir/build.make:97: ターゲット 'cmTC_bbc0c' のレシピで失敗しました
make[1]: *** [cmTC_bbc0c] エラー 1
make[1]: ディレクトリ '/home/natsuki/sotsuken/build/CMakeFiles/CMakeTmp' から出ます
Makefile:126: ターゲット 'cmTC_bbc0c/fast' のレシピで失敗しました
make: *** [cmTC_bbc0c/fast] エラー 2

File /home/natsuki/sotsuken/build/CMakeFiles/CMakeTmp/CheckSymbolExists.c:
/* */
#include <pthread.h>

int main(int argc, char** argv)
{
  (void)argv;
#ifndef pthread_create
  return ((int*)(&pthread_create))[argc];
#else
  (void)argc;
  return 0;
#endif
}

Determining if the function pthread_create exists in the pthreads failed with the following output:
Change Dir: /home/natsuki/sotsuken/build/CMakeFiles/CMakeTmp

Run Build Command:"/usr/bin/make" "cmTC_4914b/fast"
/usr/bin/make -f CMakeFiles/cmTC_4914b.dir/build.make CMakeFiles/cmTC_4914b.dir/build
make[1]: ディレクトリ '/home/natsuki/sotsuken/build/CMakeFiles/CMakeTmp' に入ります
Building C object CMakeFiles/cmTC_4914b.dir/CheckFunctionExists.c.o
/usr/bin/cc    -DCHECK_FUNCTION_EXISTS=pthread_create   -o CMakeFiles/cmTC_4914b.dir/CheckFunctionExists.c.o   -c /usr/share/cmake-3.5/Modules/CheckFunctionExists.c
Linking C executable cmTC_4914b
/usr/bin/cmake -E cmake_link_script CMakeFiles/cmTC_4914b.dir/link.txt --verbose=1
/usr/bin/cc   -DCHECK_FUNCTION_EXISTS=pthread_create    CMakeFiles/cmTC_4914b.dir/CheckFunctionExists.c.o  -o cmTC_4914b -rdynamic -lpthreads 
/usr/bin/ld: -lpthreads が見つかりません
collect2: error: ld returned 1 exit status
CMakeFiles/cmTC_4914b.dir/build.make:97: ターゲット 'cmTC_4914b' のレシピで失敗しました
make[1]: *** [cmTC_4914b] エラー 1
make[1]: ディレクトリ '/home/natsuki/sotsuken/build/CMakeFiles/CMakeTmp' から出ます
Makefile:126: ターゲット 'cmTC_4914b/fast' のレシピで失敗しました
make: *** [cmTC_4914b/fast] エラー 2


